[2025-11-08T20:35:00.422+0000] {local_task_job_runner.py:120} INFO - ::group::Pre task execution logs
[2025-11-08T20:35:00.451+0000] {taskinstance.py:2076} INFO - Dependencies all met for dep_context=non-requeueable deps ti=<TaskInstance: github_events_producer.run_github_producer scheduled__2025-11-08T20:30:00+00:00 [queued]>
[2025-11-08T20:35:00.457+0000] {taskinstance.py:2076} INFO - Dependencies all met for dep_context=requeueable deps ti=<TaskInstance: github_events_producer.run_github_producer scheduled__2025-11-08T20:30:00+00:00 [queued]>
[2025-11-08T20:35:00.458+0000] {taskinstance.py:2306} INFO - Starting attempt 1 of 2
[2025-11-08T20:35:00.468+0000] {taskinstance.py:2330} INFO - Executing <Task(DockerOperator): run_github_producer> on 2025-11-08 20:30:00+00:00
[2025-11-08T20:35:00.477+0000] {standard_task_runner.py:90} INFO - Running: ['***', 'tasks', 'run', 'github_events_producer', 'run_github_producer', 'scheduled__2025-11-08T20:30:00+00:00', '--job-id', '402', '--raw', '--subdir', 'DAGS_FOLDER/github_events_dag.py', '--cfg-path', '/tmp/tmpa5j54n8l']
[2025-11-08T20:35:00.479+0000] {logging_mixin.py:188} WARNING - /home/***/.local/lib/python3.12/site-packages/***/task/task_runner/standard_task_runner.py:61 DeprecationWarning: This process (pid=193) is multi-threaded, use of fork() may lead to deadlocks in the child.
[2025-11-08T20:35:00.480+0000] {standard_task_runner.py:91} INFO - Job 402: Subtask run_github_producer
[2025-11-08T20:35:00.480+0000] {standard_task_runner.py:63} INFO - Started process 194 to run task
[2025-11-08T20:35:00.539+0000] {task_command.py:426} INFO - Running <TaskInstance: github_events_producer.run_github_producer scheduled__2025-11-08T20:30:00+00:00 [running]> on host 7166eac56802
[2025-11-08T20:35:00.637+0000] {taskinstance.py:2648} INFO - Exporting env vars: AIRFLOW_CTX_DAG_OWNER='***' AIRFLOW_CTX_DAG_ID='github_events_producer' AIRFLOW_CTX_TASK_ID='run_github_producer' AIRFLOW_CTX_EXECUTION_DATE='2025-11-08T20:30:00+00:00' AIRFLOW_CTX_TRY_NUMBER='1' AIRFLOW_CTX_DAG_RUN_ID='scheduled__2025-11-08T20:30:00+00:00'
[2025-11-08T20:35:00.638+0000] {taskinstance.py:430} INFO - ::endgroup::
[2025-11-08T20:35:00.727+0000] {docker.py:366} INFO - Starting docker container from image github_producer:latest
[2025-11-08T20:35:00.733+0000] {docker.py:374} WARNING - Using remote engine or docker-in-docker and mounting temporary volume from host is not supported. Falling back to `mount_tmp_dir=False` mode. You can set `mount_tmp_dir` parameter to False to disable mounting and remove the warning
[2025-11-08T20:35:05.222+0000] {docker.py:436} INFO - WARNING:kafka.conn:DNS lookup failed for kafka:9092, exception was [Errno -5] No address associated with hostname. Is your advertised.listeners (called advertised.host.name before Kafka 9) correct and resolvable?
ERROR:kafka.conn:<BrokerConnection client_id=kafka-python-producer-1, node_id=bootstrap-0 host=kafka:9092 <connecting> [unspecified None]>: DNS lookup failed for kafka:9092 (AddressFamily.AF_UNSPEC)
ERROR:kafka.conn:<BrokerConnection client_id=kafka-python-producer-1, node_id=bootstrap-0 host=kafka:9092 <connecting> [unspecified None]>: Closing connection. KafkaConnectionError: DNS failure
[2025-11-08T20:35:05.222+0000] {docker.py:436} INFO - WARNING:__main__:Não foi possível conectar ao Kafka: NoBrokersAvailable. Tentando novamente em 10s...
[2025-11-08T20:35:19.235+0000] {docker.py:436} INFO - WARNING:kafka.conn:DNS lookup failed for kafka:9092, exception was [Errno -5] No address associated with hostname. Is your advertised.listeners (called advertised.host.name before Kafka 9) correct and resolvable?
ERROR:kafka.conn:<BrokerConnection client_id=kafka-python-producer-2, node_id=bootstrap-0 host=kafka:9092 <connecting> [unspecified None]>: DNS lookup failed for kafka:9092 (AddressFamily.AF_UNSPEC)
[2025-11-08T20:35:19.235+0000] {docker.py:436} INFO - ERROR:kafka.conn:<BrokerConnection client_id=kafka-python-producer-2, node_id=bootstrap-0 host=kafka:9092 <connecting> [unspecified None]>: Closing connection. KafkaConnectionError: DNS failure
[2025-11-08T20:35:19.235+0000] {docker.py:436} INFO - WARNING:__main__:Não foi possível conectar ao Kafka: NoBrokersAvailable. Tentando novamente em 10s...
[2025-11-08T20:35:33.247+0000] {docker.py:436} INFO - WARNING:kafka.conn:DNS lookup failed for kafka:9092, exception was [Errno -5] No address associated with hostname. Is your advertised.listeners (called advertised.host.name before Kafka 9) correct and resolvable?
ERROR:kafka.conn:<BrokerConnection client_id=kafka-python-producer-3, node_id=bootstrap-0 host=kafka:9092 <connecting> [unspecified None]>: DNS lookup failed for kafka:9092 (AddressFamily.AF_UNSPEC)
ERROR:kafka.conn:<BrokerConnection client_id=kafka-python-producer-3, node_id=bootstrap-0 host=kafka:9092 <connecting> [unspecified None]>: Closing connection. KafkaConnectionError: DNS failure
[2025-11-08T20:35:33.248+0000] {docker.py:436} INFO - WARNING:__main__:Não foi possível conectar ao Kafka: NoBrokersAvailable. Tentando novamente em 10s...
[2025-11-08T20:35:47.260+0000] {docker.py:436} INFO - WARNING:kafka.conn:DNS lookup failed for kafka:9092, exception was [Errno -5] No address associated with hostname. Is your advertised.listeners (called advertised.host.name before Kafka 9) correct and resolvable?
ERROR:kafka.conn:<BrokerConnection client_id=kafka-python-producer-4, node_id=bootstrap-0 host=kafka:9092 <connecting> [unspecified None]>: DNS lookup failed for kafka:9092 (AddressFamily.AF_UNSPEC)
ERROR:kafka.conn:<BrokerConnection client_id=kafka-python-producer-4, node_id=bootstrap-0 host=kafka:9092 <connecting> [unspecified None]>: Closing connection. KafkaConnectionError: DNS failure
[2025-11-08T20:35:47.261+0000] {docker.py:436} INFO - WARNING:__main__:Não foi possível conectar ao Kafka: NoBrokersAvailable. Tentando novamente em 10s...
[2025-11-08T20:36:01.272+0000] {docker.py:436} INFO - WARNING:kafka.conn:DNS lookup failed for kafka:9092, exception was [Errno -5] No address associated with hostname. Is your advertised.listeners (called advertised.host.name before Kafka 9) correct and resolvable?
ERROR:kafka.conn:<BrokerConnection client_id=kafka-python-producer-5, node_id=bootstrap-0 host=kafka:9092 <connecting> [unspecified None]>: DNS lookup failed for kafka:9092 (AddressFamily.AF_UNSPEC)
ERROR:kafka.conn:<BrokerConnection client_id=kafka-python-producer-5, node_id=bootstrap-0 host=kafka:9092 <connecting> [unspecified None]>: Closing connection. KafkaConnectionError: DNS failure
[2025-11-08T20:36:01.273+0000] {docker.py:436} INFO - WARNING:__main__:Não foi possível conectar ao Kafka: NoBrokersAvailable. Tentando novamente em 10s...
[2025-11-08T20:36:11.283+0000] {docker.py:436} INFO - ERROR:__main__:Não foi possível conectar ao Kafka após várias tentativas.
[2025-11-08T20:36:11.504+0000] {taskinstance.py:441} INFO - ::group::Post task execution logs
[2025-11-08T20:36:11.530+0000] {taskinstance.py:1206} INFO - Marking task as SUCCESS. dag_id=github_events_producer, task_id=run_github_producer, run_id=scheduled__2025-11-08T20:30:00+00:00, execution_date=20251108T203000, start_date=20251108T203500, end_date=20251108T203611
[2025-11-08T20:36:11.555+0000] {local_task_job_runner.py:240} INFO - Task exited with return code 0
[2025-11-08T20:36:11.573+0000] {taskinstance.py:3503} INFO - 0 downstream tasks scheduled from follow-on schedule check
[2025-11-08T20:36:11.574+0000] {local_task_job_runner.py:222} INFO - ::endgroup::
