[2025-11-08T20:15:00.637+0000] {local_task_job_runner.py:120} INFO - ::group::Pre task execution logs
[2025-11-08T20:15:00.671+0000] {taskinstance.py:2076} INFO - Dependencies all met for dep_context=non-requeueable deps ti=<TaskInstance: github_events_producer.run_github_producer scheduled__2025-11-08T20:10:00+00:00 [queued]>
[2025-11-08T20:15:00.680+0000] {taskinstance.py:2076} INFO - Dependencies all met for dep_context=requeueable deps ti=<TaskInstance: github_events_producer.run_github_producer scheduled__2025-11-08T20:10:00+00:00 [queued]>
[2025-11-08T20:15:00.680+0000] {taskinstance.py:2306} INFO - Starting attempt 1 of 2
[2025-11-08T20:15:00.693+0000] {taskinstance.py:2330} INFO - Executing <Task(DockerOperator): run_github_producer> on 2025-11-08 20:10:00+00:00
[2025-11-08T20:15:00.701+0000] {standard_task_runner.py:90} INFO - Running: ['***', 'tasks', 'run', 'github_events_producer', 'run_github_producer', 'scheduled__2025-11-08T20:10:00+00:00', '--job-id', '393', '--raw', '--subdir', 'DAGS_FOLDER/github_events_dag.py', '--cfg-path', '/tmp/tmpoogxjrt2']
[2025-11-08T20:15:00.704+0000] {logging_mixin.py:188} WARNING - /home/***/.local/lib/python3.12/site-packages/***/task/task_runner/standard_task_runner.py:61 DeprecationWarning: This process (pid=178) is multi-threaded, use of fork() may lead to deadlocks in the child.
[2025-11-08T20:15:00.705+0000] {standard_task_runner.py:91} INFO - Job 393: Subtask run_github_producer
[2025-11-08T20:15:00.705+0000] {standard_task_runner.py:63} INFO - Started process 179 to run task
[2025-11-08T20:15:00.776+0000] {task_command.py:426} INFO - Running <TaskInstance: github_events_producer.run_github_producer scheduled__2025-11-08T20:10:00+00:00 [running]> on host c125a565ee54
[2025-11-08T20:15:00.891+0000] {taskinstance.py:2648} INFO - Exporting env vars: AIRFLOW_CTX_DAG_OWNER='***' AIRFLOW_CTX_DAG_ID='github_events_producer' AIRFLOW_CTX_TASK_ID='run_github_producer' AIRFLOW_CTX_EXECUTION_DATE='2025-11-08T20:10:00+00:00' AIRFLOW_CTX_TRY_NUMBER='1' AIRFLOW_CTX_DAG_RUN_ID='scheduled__2025-11-08T20:10:00+00:00'
[2025-11-08T20:15:00.892+0000] {taskinstance.py:430} INFO - ::endgroup::
[2025-11-08T20:15:00.996+0000] {docker.py:366} INFO - Starting docker container from image github_producer:latest
[2025-11-08T20:15:01.004+0000] {docker.py:374} WARNING - Using remote engine or docker-in-docker and mounting temporary volume from host is not supported. Falling back to `mount_tmp_dir=False` mode. You can set `mount_tmp_dir` parameter to False to disable mounting and remove the warning
[2025-11-08T20:15:05.669+0000] {docker.py:436} INFO - WARNING:kafka.conn:DNS lookup failed for kafka:9092, exception was [Errno -5] No address associated with hostname. Is your advertised.listeners (called advertised.host.name before Kafka 9) correct and resolvable?
ERROR:kafka.conn:<BrokerConnection client_id=kafka-python-producer-1, node_id=bootstrap-0 host=kafka:9092 <connecting> [unspecified None]>: DNS lookup failed for kafka:9092 (AddressFamily.AF_UNSPEC)
[2025-11-08T20:15:05.670+0000] {docker.py:436} INFO - ERROR:kafka.conn:<BrokerConnection client_id=kafka-python-producer-1, node_id=bootstrap-0 host=kafka:9092 <connecting> [unspecified None]>: Closing connection. KafkaConnectionError: DNS failure
[2025-11-08T20:15:05.671+0000] {docker.py:436} INFO - WARNING:__main__:Não foi possível conectar ao Kafka: NoBrokersAvailable. Tentando novamente em 10s...
[2025-11-08T20:15:19.683+0000] {docker.py:436} INFO - WARNING:kafka.conn:DNS lookup failed for kafka:9092, exception was [Errno -5] No address associated with hostname. Is your advertised.listeners (called advertised.host.name before Kafka 9) correct and resolvable?
ERROR:kafka.conn:<BrokerConnection client_id=kafka-python-producer-2, node_id=bootstrap-0 host=kafka:9092 <connecting> [unspecified None]>: DNS lookup failed for kafka:9092 (AddressFamily.AF_UNSPEC)
[2025-11-08T20:15:19.683+0000] {docker.py:436} INFO - ERROR:kafka.conn:<BrokerConnection client_id=kafka-python-producer-2, node_id=bootstrap-0 host=kafka:9092 <connecting> [unspecified None]>: Closing connection. KafkaConnectionError: DNS failure
[2025-11-08T20:15:19.684+0000] {docker.py:436} INFO - WARNING:__main__:Não foi possível conectar ao Kafka: NoBrokersAvailable. Tentando novamente em 10s...
[2025-11-08T20:15:33.694+0000] {docker.py:436} INFO - WARNING:kafka.conn:DNS lookup failed for kafka:9092, exception was [Errno -5] No address associated with hostname. Is your advertised.listeners (called advertised.host.name before Kafka 9) correct and resolvable?
ERROR:kafka.conn:<BrokerConnection client_id=kafka-python-producer-3, node_id=bootstrap-0 host=kafka:9092 <connecting> [unspecified None]>: DNS lookup failed for kafka:9092 (AddressFamily.AF_UNSPEC)
ERROR:kafka.conn:<BrokerConnection client_id=kafka-python-producer-3, node_id=bootstrap-0 host=kafka:9092 <connecting> [unspecified None]>: Closing connection. KafkaConnectionError: DNS failure
[2025-11-08T20:15:33.695+0000] {docker.py:436} INFO - WARNING:__main__:Não foi possível conectar ao Kafka: NoBrokersAvailable. Tentando novamente em 10s...
[2025-11-08T20:15:47.707+0000] {docker.py:436} INFO - WARNING:kafka.conn:DNS lookup failed for kafka:9092, exception was [Errno -5] No address associated with hostname. Is your advertised.listeners (called advertised.host.name before Kafka 9) correct and resolvable?
[2025-11-08T20:15:47.708+0000] {docker.py:436} INFO - ERROR:kafka.conn:<BrokerConnection client_id=kafka-python-producer-4, node_id=bootstrap-0 host=kafka:9092 <connecting> [unspecified None]>: DNS lookup failed for kafka:9092 (AddressFamily.AF_UNSPEC)
[2025-11-08T20:15:47.709+0000] {docker.py:436} INFO - ERROR:kafka.conn:<BrokerConnection client_id=kafka-python-producer-4, node_id=bootstrap-0 host=kafka:9092 <connecting> [unspecified None]>: Closing connection. KafkaConnectionError: DNS failure
[2025-11-08T20:15:47.709+0000] {docker.py:436} INFO - WARNING:__main__:Não foi possível conectar ao Kafka: NoBrokersAvailable. Tentando novamente em 10s...
[2025-11-08T20:16:01.717+0000] {docker.py:436} INFO - WARNING:kafka.conn:DNS lookup failed for kafka:9092, exception was [Errno -5] No address associated with hostname. Is your advertised.listeners (called advertised.host.name before Kafka 9) correct and resolvable?
ERROR:kafka.conn:<BrokerConnection client_id=kafka-python-producer-5, node_id=bootstrap-0 host=kafka:9092 <connecting> [unspecified None]>: DNS lookup failed for kafka:9092 (AddressFamily.AF_UNSPEC)
ERROR:kafka.conn:<BrokerConnection client_id=kafka-python-producer-5, node_id=bootstrap-0 host=kafka:9092 <connecting> [unspecified None]>: Closing connection. KafkaConnectionError: DNS failure
[2025-11-08T20:16:01.717+0000] {docker.py:436} INFO - WARNING:__main__:Não foi possível conectar ao Kafka: NoBrokersAvailable. Tentando novamente em 10s...
[2025-11-08T20:16:11.718+0000] {docker.py:436} INFO - ERROR:__main__:Não foi possível conectar ao Kafka após várias tentativas.
[2025-11-08T20:16:11.943+0000] {taskinstance.py:441} INFO - ::group::Post task execution logs
[2025-11-08T20:16:11.975+0000] {taskinstance.py:1206} INFO - Marking task as SUCCESS. dag_id=github_events_producer, task_id=run_github_producer, run_id=scheduled__2025-11-08T20:10:00+00:00, execution_date=20251108T201000, start_date=20251108T201500, end_date=20251108T201611
[2025-11-08T20:16:12.018+0000] {local_task_job_runner.py:240} INFO - Task exited with return code 0
[2025-11-08T20:16:12.034+0000] {taskinstance.py:3503} INFO - 0 downstream tasks scheduled from follow-on schedule check
[2025-11-08T20:16:12.036+0000] {local_task_job_runner.py:222} INFO - ::endgroup::
